Using pre-set license

 COMMAND LINE ARGUMENTS:
/Applications/Unity/Hub/Editor/2020.2.5f1/Unity.app/Contents/MacOS/Unity
-adb2
-batchMode
-noUpm
-name
AssetImportWorker0
-projectPath
/Users/kroanke/unity/car rush
-logFile
Logs/AssetImportWorker0.log
-srvPort
49419
Successfully changed project path to: /Users/kroanke/unity/car rush
/Users/kroanke/unity/car rush
Using Asset Import Pipeline V2.
Refreshing native plugins compatible for Editor in 45.24 ms, found 1 plugins.
Preloading 0 native plugins for Editor in 0.00 ms.
Initialize engine version: 2020.2.5f1 (e2c53f129de5)
[Subsystems] Discovering subsystems at path /Applications/Unity/Hub/Editor/2020.2.5f1/Unity.app/Contents/Resources/UnitySubsystems
[Subsystems] Discovering subsystems at path /Users/kroanke/unity/car rush/Assets
GfxDevice: creating device client; threaded=0
2021-03-21 21:26:42.224 Unity[794:14608] Color LCD preferred device: Intel(R) Iris(TM) Plus Graphics (low power)
2021-03-21 21:26:42.224 Unity[794:14608] Metal devices available: 1
2021-03-21 21:26:42.224 Unity[794:14608] 0: Intel(R) Iris(TM) Plus Graphics (low power)
2021-03-21 21:26:42.225 Unity[794:14608] Using device Intel(R) Iris(TM) Plus Graphics (low power)
Initializing Metal device caps: Intel(R) Iris(TM) Plus Graphics
Initialize mono
Mono path[0] = '/Applications/Unity/Hub/Editor/2020.2.5f1/Unity.app/Contents/Managed'
Mono path[1] = '/Applications/Unity/Hub/Editor/2020.2.5f1/Unity.app/Contents/MonoBleedingEdge/lib/mono/unityjit'
Mono config path = '/Applications/Unity/Hub/Editor/2020.2.5f1/Unity.app/Contents/MonoBleedingEdge/etc'
Using monoOptions --debugger-agent=transport=dt_socket,embedding=1,server=y,suspend=n,address=127.0.0.1:56794
Begin MonoManager ReloadAssembly
Registering precompiled unity dll's ...
Register platform support module: /Applications/Unity/Hub/Editor/2020.2.5f1/Unity.app/Contents/PlaybackEngines/MacStandaloneSupport/UnityEditor.OSXStandalone.Extensions.dll
Register platform support module: /Applications/Unity/Hub/Editor/2020.2.5f1/PlaybackEngines/WindowsStandaloneSupport/UnityEditor.WindowsStandalone.Extensions.dll
Registered in 0.000867 seconds.
Native extension for WindowsStandalone target not found
Native extension for OSXStandalone target not found
Refreshing native plugins compatible for Editor in 40.14 ms, found 1 plugins.
Preloading 0 native plugins for Editor in 0.00 ms.
Invoked RoslynAnalysisRunner static constructor.
RoslynAnalysisRunner will not be running.
RoslynAnalysisRunner has terminated.
Mono: successfully reloaded assembly
- Completed reload, in  1.811 seconds
Platform modules already initialized, skipping
Registering precompiled user dll's ...
Registered in 0.000473 seconds.
Begin MonoManager ReloadAssembly
Native extension for WindowsStandalone target not found
Native extension for OSXStandalone target not found
Refreshing native plugins compatible for Editor in 41.78 ms, found 1 plugins.
Preloading 0 native plugins for Editor in 0.00 ms.
Invoked RoslynAnalysisRunner static constructor.
RoslynAnalysisRunner will not be running.
RoslynAnalysisRunner has terminated.
Mono: successfully reloaded assembly
- Completed reload, in  1.229 seconds
Platform modules already initialized, skipping
========================================================================
Worker process is ready to serve import requests
Launching external process: /Applications/Unity/Hub/Editor/2020.2.5f1/Unity.app/Contents/Tools/UnityShaderCompiler
Launched and connected shader compiler UnityShaderCompiler after 0.01 seconds
Refreshing native plugins compatible for Editor in 0.34 ms, found 1 plugins.
Preloading 0 native plugins for Editor in 0.00 ms.
Unloading 1921 Unused Serialized files (Serialized files now loaded: 0)
System memory in use before: 202.0 MB.
System memory in use after: 202.1 MB.

Unloading 105 unused Assets to reduce memory usage. Loaded Objects now: 2395.
Total: 2.976092 ms (FindLiveObjects: 0.197852 ms CreateObjectMapping: 0.105962 ms MarkObjects: 2.378457 ms  DeleteObjects: 0.282312 ms)

========================================================================
Received Import Request.
  path: Assets/Sound/EndGameMusic.prefab
  artifactKey: Guid(61a4c12d8d3ba4f9196002bf624808f1) Importer(815301076,1909f56bfc062723c751e8b465ee728b)
Start importing Assets/Sound/EndGameMusic.prefab using Guid(61a4c12d8d3ba4f9196002bf624808f1) Importer(815301076,1909f56bfc062723c751e8b465ee728b)  -> (artifact id: 'd2863b84635fc79740e53130a741691e') in 0.404064 seconds
  Import took 0.407730 seconds .

========================================================================
Received Prepare
Refreshing native plugins compatible for Editor in 0.70 ms, found 1 plugins.
Preloading 0 native plugins for Editor in 0.00 ms.
Unloading 3 Unused Serialized files (Serialized files now loaded: 0)
System memory in use before: 166.2 MB.
System memory in use after: 166.3 MB.

Unloading 2 unused Assets to reduce memory usage. Loaded Objects now: 2395.
Total: 2.356519 ms (FindLiveObjects: 0.235295 ms CreateObjectMapping: 0.059844 ms MarkObjects: 2.040837 ms  DeleteObjects: 0.018421 ms)

========================================================================
Received Import Request.
  Time since last request: 78.639080 seconds.
  path: Assets/Sound/SwapCam.prefab
  artifactKey: Guid(0c7db606dfd414bc9ab305e4689307c0) Importer(815301076,1909f56bfc062723c751e8b465ee728b)
Start importing Assets/Sound/SwapCam.prefab using Guid(0c7db606dfd414bc9ab305e4689307c0) Importer(815301076,1909f56bfc062723c751e8b465ee728b)  -> (artifact id: '9b0268758180f3dc6d2556b64263d435') in 0.004477 seconds
  Import took 0.007821 seconds .

========================================================================
Received Import Request.
  Time since last request: 0.016483 seconds.
  path: Assets/Sound/SwapCam.prefab
  artifactKey: Guid(0c7db606dfd414bc9ab305e4689307c0) Importer(815301076,1909f56bfc062723c751e8b465ee728b)
Start importing Assets/Sound/SwapCam.prefab using Guid(0c7db606dfd414bc9ab305e4689307c0) Importer(815301076,1909f56bfc062723c751e8b465ee728b)  -> (artifact id: '9b0268758180f3dc6d2556b64263d435') in 0.006468 seconds
  Import took 0.010957 seconds .

========================================================================
Received Prepare
Refreshing native plugins compatible for Editor in 0.81 ms, found 1 plugins.
Preloading 0 native plugins for Editor in 0.00 ms.
Unloading 3 Unused Serialized files (Serialized files now loaded: 0)
System memory in use before: 166.3 MB.
System memory in use after: 166.4 MB.

Unloading 2 unused Assets to reduce memory usage. Loaded Objects now: 2395.
Total: 2.697020 ms (FindLiveObjects: 0.292115 ms CreateObjectMapping: 0.083685 ms MarkObjects: 2.302430 ms  DeleteObjects: 0.017316 ms)

========================================================================
Received Prepare
Refreshing native plugins compatible for Editor in 0.72 ms, found 1 plugins.
Preloading 0 native plugins for Editor in 0.00 ms.
Unloading 3 Unused Serialized files (Serialized files now loaded: 0)
System memory in use before: 166.4 MB.
System memory in use after: 166.5 MB.

Unloading 2 unused Assets to reduce memory usage. Loaded Objects now: 2395.
Total: 2.439562 ms (FindLiveObjects: 0.230983 ms CreateObjectMapping: 0.080941 ms MarkObjects: 2.107276 ms  DeleteObjects: 0.019135 ms)

========================================================================
Received Import Request.
  Time since last request: 242.735858 seconds.
  path: Assets/Scenes/Level 3.unity
  artifactKey: Guid(03be830ab5ce6c44f9ce518d48edc8ac) Importer(815301076,1909f56bfc062723c751e8b465ee728b)
Start importing Assets/Scenes/Level 3.unity using Guid(03be830ab5ce6c44f9ce518d48edc8ac) Importer(815301076,1909f56bfc062723c751e8b465ee728b)  -> (artifact id: '21619d7d1335d787ec07669aa04b5e20') in 0.002066 seconds
  Import took 0.007551 seconds .

========================================================================
Received Prepare
Refreshing native plugins compatible for Editor in 0.76 ms, found 1 plugins.
Preloading 0 native plugins for Editor in 0.00 ms.
Unloading 3 Unused Serialized files (Serialized files now loaded: 0)
System memory in use before: 166.5 MB.
System memory in use after: 166.6 MB.

Unloading 2 unused Assets to reduce memory usage. Loaded Objects now: 2395.
Total: 2.263946 ms (FindLiveObjects: 0.221084 ms CreateObjectMapping: 0.064764 ms MarkObjects: 1.960604 ms  DeleteObjects: 0.016050 ms)

========================================================================
Received Prepare
Registering precompiled user dll's ...
Registered in 0.000540 seconds.
Begin MonoManager ReloadAssembly
Native extension for WindowsStandalone target not found
Native extension for OSXStandalone target not found
Refreshing native plugins compatible for Editor in 0.38 ms, found 1 plugins.
Preloading 0 native plugins for Editor in 0.00 ms.
Invoked RoslynAnalysisRunner static constructor.
RoslynAnalysisRunner will not be running.
RoslynAnalysisRunner has terminated.
Mono: successfully reloaded assembly
- Completed reload, in  1.221 seconds
Platform modules already initialized, skipping
Refreshing native plugins compatible for Editor in 0.40 ms, found 1 plugins.
Preloading 0 native plugins for Editor in 0.00 ms.
Unloading 1877 Unused Serialized files (Serialized files now loaded: 0)
System memory in use before: 204.2 MB.
System memory in use after: 204.3 MB.

Unloading 99 unused Assets to reduce memory usage. Loaded Objects now: 2397.
Total: 2.415699 ms (FindLiveObjects: 0.252184 ms CreateObjectMapping: 0.081323 ms MarkObjects: 2.020381 ms  DeleteObjects: 0.060565 ms)

========================================================================
Received Import Request.
  Time since last request: 202.997255 seconds.
  path: Assets/Scenes/Level6(End Scene).unity
  artifactKey: Guid(be7f0f800166142e08f6b00c72c17458) Importer(815301076,1909f56bfc062723c751e8b465ee728b)
Start importing Assets/Scenes/Level6(End Scene).unity using Guid(be7f0f800166142e08f6b00c72c17458) Importer(815301076,1909f56bfc062723c751e8b465ee728b)  -> (artifact id: 'de90581ec51fd40c9fc175ea4b2db1ca') in 0.007453 seconds
  Import took 0.013017 seconds .

========================================================================
Received Prepare
Registering precompiled user dll's ...
Registered in 0.000549 seconds.
Begin MonoManager ReloadAssembly
Native extension for WindowsStandalone target not found
Native extension for OSXStandalone target not found
Refreshing native plugins compatible for Editor in 0.34 ms, found 1 plugins.
Preloading 0 native plugins for Editor in 0.00 ms.
Invoked RoslynAnalysisRunner static constructor.
RoslynAnalysisRunner will not be running.
RoslynAnalysisRunner has terminated.
Mono: successfully reloaded assembly
- Completed reload, in  1.173 seconds
Platform modules already initialized, skipping
Refreshing native plugins compatible for Editor in 0.42 ms, found 1 plugins.
Preloading 0 native plugins for Editor in 0.00 ms.
Unloading 1877 Unused Serialized files (Serialized files now loaded: 0)
System memory in use before: 204.4 MB.
System memory in use after: 204.5 MB.

Unloading 99 unused Assets to reduce memory usage. Loaded Objects now: 2399.
Total: 2.901583 ms (FindLiveObjects: 0.341413 ms CreateObjectMapping: 0.089125 ms MarkObjects: 2.397381 ms  DeleteObjects: 0.070774 ms)

========================================================================
Received Prepare
Refreshing native plugins compatible for Editor in 0.87 ms, found 1 plugins.
Preloading 0 native plugins for Editor in 0.00 ms.
Unloading 3 Unused Serialized files (Serialized files now loaded: 0)
System memory in use before: 167.1 MB.
System memory in use after: 167.3 MB.

Unloading 2 unused Assets to reduce memory usage. Loaded Objects now: 2399.
Total: 2.173632 ms (FindLiveObjects: 0.186363 ms CreateObjectMapping: 0.067627 ms MarkObjects: 1.903072 ms  DeleteObjects: 0.015326 ms)

========================================================================
Received Import Request.
  Time since last request: 162.811804 seconds.
  path: Assets/Scenes/Level 5.unity
  artifactKey: Guid(6a6dd6b21012741559f0abe8fc75696c) Importer(815301076,1909f56bfc062723c751e8b465ee728b)
Start importing Assets/Scenes/Level 5.unity using Guid(6a6dd6b21012741559f0abe8fc75696c) Importer(815301076,1909f56bfc062723c751e8b465ee728b)  -> (artifact id: '204db1accd65974ef54f70ff09ba6334') in 0.005434 seconds
  Import took 0.012664 seconds .

========================================================================
Received Import Request.
  Time since last request: 15.409170 seconds.
  path: Assets/Scenes/Level 3.unity
  artifactKey: Guid(03be830ab5ce6c44f9ce518d48edc8ac) Importer(815301076,1909f56bfc062723c751e8b465ee728b)
Start importing Assets/Scenes/Level 3.unity using Guid(03be830ab5ce6c44f9ce518d48edc8ac) Importer(815301076,1909f56bfc062723c751e8b465ee728b)  -> (artifact id: '7a29fd88d6a16f75fd3889de2eb511e3') in 0.003262 seconds
  Import took 0.009503 seconds .

========================================================================
Received Prepare
Refreshing native plugins compatible for Editor in 0.76 ms, found 1 plugins.
Preloading 0 native plugins for Editor in 0.00 ms.
Unloading 3 Unused Serialized files (Serialized files now loaded: 0)
System memory in use before: 167.6 MB.
System memory in use after: 167.7 MB.

Unloading 2 unused Assets to reduce memory usage. Loaded Objects now: 2399.
Total: 2.700276 ms (FindLiveObjects: 0.289805 ms CreateObjectMapping: 0.084064 ms MarkObjects: 2.305960 ms  DeleteObjects: 0.019389 ms)

========================================================================
Received Prepare
Refreshing native plugins compatible for Editor in 0.76 ms, found 1 plugins.
Preloading 0 native plugins for Editor in 0.00 ms.
Unloading 3 Unused Serialized files (Serialized files now loaded: 0)
System memory in use before: 167.7 MB.
System memory in use after: 167.8 MB.

Unloading 2 unused Assets to reduce memory usage. Loaded Objects now: 2399.
Total: 2.377954 ms (FindLiveObjects: 0.227985 ms CreateObjectMapping: 0.067253 ms MarkObjects: 2.066953 ms  DeleteObjects: 0.014364 ms)

========================================================================
Received Prepare
Registering precompiled user dll's ...
Registered in 0.000621 seconds.
Begin MonoManager ReloadAssembly
Native extension for WindowsStandalone target not found
Native extension for OSXStandalone target not found
Refreshing native plugins compatible for Editor in 0.46 ms, found 1 plugins.
Preloading 0 native plugins for Editor in 0.00 ms.
Invoked RoslynAnalysisRunner static constructor.
RoslynAnalysisRunner will not be running.
RoslynAnalysisRunner has terminated.
Mono: successfully reloaded assembly
- Completed reload, in  1.190 seconds
Platform modules already initialized, skipping
Refreshing native plugins compatible for Editor in 0.58 ms, found 1 plugins.
Preloading 0 native plugins for Editor in 0.00 ms.
Unloading 1877 Unused Serialized files (Serialized files now loaded: 0)
System memory in use before: 205.4 MB.
System memory in use after: 205.5 MB.

Unloading 99 unused Assets to reduce memory usage. Loaded Objects now: 2401.
Total: 3.963780 ms (FindLiveObjects: 0.346071 ms CreateObjectMapping: 0.154548 ms MarkObjects: 3.394215 ms  DeleteObjects: 0.066670 ms)

========================================================================
Received Prepare
Refreshing native plugins compatible for Editor in 0.72 ms, found 1 plugins.
Preloading 0 native plugins for Editor in 0.00 ms.
Unloading 3 Unused Serialized files (Serialized files now loaded: 0)
System memory in use before: 168.1 MB.
System memory in use after: 168.2 MB.

Unloading 2 unused Assets to reduce memory usage. Loaded Objects now: 2401.
Total: 2.806550 ms (FindLiveObjects: 0.213214 ms CreateObjectMapping: 0.076497 ms MarkObjects: 2.495775 ms  DeleteObjects: 0.019493 ms)

========================================================================
Received Import Request.
  Time since last request: 461.348505 seconds.
  path: Assets/Scenes/Level6(End Scene).unity
  artifactKey: Guid(be7f0f800166142e08f6b00c72c17458) Importer(815301076,1909f56bfc062723c751e8b465ee728b)
Start importing Assets/Scenes/Level6(End Scene).unity using Guid(be7f0f800166142e08f6b00c72c17458) Importer(815301076,1909f56bfc062723c751e8b465ee728b)  -> (artifact id: 'f07ac1f1ae1e498aee89283b135a50cc') in 0.005335 seconds
  Import took 0.011345 seconds .

========================================================================
Received Prepare
Refreshing native plugins compatible for Editor in 0.67 ms, found 1 plugins.
Preloading 0 native plugins for Editor in 0.00 ms.
Unloading 3 Unused Serialized files (Serialized files now loaded: 0)
System memory in use before: 168.2 MB.
System memory in use after: 168.3 MB.

Unloading 2 unused Assets to reduce memory usage. Loaded Objects now: 2401.
Total: 2.327662 ms (FindLiveObjects: 0.235815 ms CreateObjectMapping: 0.069862 ms MarkObjects: 2.004221 ms  DeleteObjects: 0.016172 ms)

========================================================================
Received Prepare
Registering precompiled user dll's ...
Registered in 0.000532 seconds.
Begin MonoManager ReloadAssembly
Native extension for WindowsStandalone target not found
Native extension for OSXStandalone target not found
Refreshing native plugins compatible for Editor in 0.41 ms, found 1 plugins.
Preloading 0 native plugins for Editor in 0.00 ms.
Invoked RoslynAnalysisRunner static constructor.
RoslynAnalysisRunner will not be running.
RoslynAnalysisRunner has terminated.
Mono: successfully reloaded assembly
- Completed reload, in  2.348 seconds
Platform modules already initialized, skipping
Refreshing native plugins compatible for Editor in 0.37 ms, found 1 plugins.
Preloading 0 native plugins for Editor in 0.00 ms.
Unloading 1877 Unused Serialized files (Serialized files now loaded: 0)
System memory in use before: 205.9 MB.
System memory in use after: 205.9 MB.

Unloading 99 unused Assets to reduce memory usage. Loaded Objects now: 2403.
Total: 2.769629 ms (FindLiveObjects: 0.194283 ms CreateObjectMapping: 0.072158 ms MarkObjects: 2.427299 ms  DeleteObjects: 0.074507 ms)

========================================================================
Received Prepare
Refreshing native plugins compatible for Editor in 0.95 ms, found 1 plugins.
Preloading 0 native plugins for Editor in 0.00 ms.
Unloading 3 Unused Serialized files (Serialized files now loaded: 0)
System memory in use before: 168.5 MB.
System memory in use after: 168.7 MB.

Unloading 2 unused Assets to reduce memory usage. Loaded Objects now: 2403.
Total: 2.642533 ms (FindLiveObjects: 0.216262 ms CreateObjectMapping: 0.079611 ms MarkObjects: 2.325110 ms  DeleteObjects: 0.019678 ms)

========================================================================
Received Prepare
Registering precompiled user dll's ...
Registered in 0.000524 seconds.
Begin MonoManager ReloadAssembly
Native extension for WindowsStandalone target not found
Native extension for OSXStandalone target not found
Refreshing native plugins compatible for Editor in 0.41 ms, found 1 plugins.
Preloading 0 native plugins for Editor in 0.00 ms.
Invoked RoslynAnalysisRunner static constructor.
RoslynAnalysisRunner will not be running.
RoslynAnalysisRunner has terminated.
Mono: successfully reloaded assembly
- Completed reload, in  1.138 seconds
Platform modules already initialized, skipping
Refreshing native plugins compatible for Editor in 0.52 ms, found 1 plugins.
Preloading 0 native plugins for Editor in 0.00 ms.
Unloading 1877 Unused Serialized files (Serialized files now loaded: 0)
System memory in use before: 206.3 MB.
System memory in use after: 206.3 MB.

Unloading 99 unused Assets to reduce memory usage. Loaded Objects now: 2405.
Total: 2.649087 ms (FindLiveObjects: 0.183924 ms CreateObjectMapping: 0.112411 ms MarkObjects: 2.285684 ms  DeleteObjects: 0.065838 ms)

========================================================================
Received Prepare
Registering precompiled user dll's ...
Registered in 0.000543 seconds.
Begin MonoManager ReloadAssembly
Native extension for WindowsStandalone target not found
Native extension for OSXStandalone target not found
Refreshing native plugins compatible for Editor in 0.41 ms, found 1 plugins.
Preloading 0 native plugins for Editor in 0.00 ms.
Invoked RoslynAnalysisRunner static constructor.
RoslynAnalysisRunner will not be running.
RoslynAnalysisRunner has terminated.
Mono: successfully reloaded assembly
- Completed reload, in  1.170 seconds
Platform modules already initialized, skipping
Refreshing native plugins compatible for Editor in 0.41 ms, found 1 plugins.
Preloading 0 native plugins for Editor in 0.00 ms.
Unloading 1877 Unused Serialized files (Serialized files now loaded: 0)
System memory in use before: 206.6 MB.
System memory in use after: 206.6 MB.

Unloading 99 unused Assets to reduce memory usage. Loaded Objects now: 2407.
Total: 2.410350 ms (FindLiveObjects: 0.192674 ms CreateObjectMapping: 0.057934 ms MarkObjects: 2.062133 ms  DeleteObjects: 0.096406 ms)

========================================================================
Received Prepare
Registering precompiled user dll's ...
Registered in 0.000577 seconds.
Begin MonoManager ReloadAssembly
Native extension for WindowsStandalone target not found
Native extension for OSXStandalone target not found
Refreshing native plugins compatible for Editor in 0.64 ms, found 1 plugins.
Preloading 0 native plugins for Editor in 0.00 ms.
Invoked RoslynAnalysisRunner static constructor.
RoslynAnalysisRunner will not be running.
RoslynAnalysisRunner has terminated.
Mono: successfully reloaded assembly
- Completed reload, in  4.081 seconds
Platform modules already initialized, skipping
Refreshing native plugins compatible for Editor in 0.47 ms, found 1 plugins.
Preloading 0 native plugins for Editor in 0.00 ms.
Unloading 1877 Unused Serialized files (Serialized files now loaded: 0)
System memory in use before: 206.8 MB.
System memory in use after: 206.9 MB.

Unloading 99 unused Assets to reduce memory usage. Loaded Objects now: 2409.
Total: 3.874862 ms (FindLiveObjects: 0.470423 ms CreateObjectMapping: 0.132557 ms MarkObjects: 3.175632 ms  DeleteObjects: 0.092343 ms)

========================================================================
Received Prepare
Refreshing native plugins compatible for Editor in 1.10 ms, found 1 plugins.
Preloading 0 native plugins for Editor in 0.00 ms.
Unloading 3 Unused Serialized files (Serialized files now loaded: 0)
System memory in use before: 169.5 MB.
System memory in use after: 169.6 MB.

Unloading 2 unused Assets to reduce memory usage. Loaded Objects now: 2409.
Total: 3.169623 ms (FindLiveObjects: 0.226093 ms CreateObjectMapping: 0.086538 ms MarkObjects: 2.830166 ms  DeleteObjects: 0.024697 ms)

========================================================================
Received Prepare
Registering precompiled user dll's ...
Registered in 0.000677 seconds.
Begin MonoManager ReloadAssembly
Native extension for WindowsStandalone target not found
Native extension for OSXStandalone target not found
Refreshing native plugins compatible for Editor in 0.52 ms, found 1 plugins.
Preloading 0 native plugins for Editor in 0.00 ms.
Invoked RoslynAnalysisRunner static constructor.
RoslynAnalysisRunner will not be running.
RoslynAnalysisRunner has terminated.
Mono: successfully reloaded assembly
- Completed reload, in  1.622 seconds
Platform modules already initialized, skipping
Refreshing native plugins compatible for Editor in 0.47 ms, found 1 plugins.
Preloading 0 native plugins for Editor in 0.00 ms.
Unloading 1877 Unused Serialized files (Serialized files now loaded: 0)
System memory in use before: 207.2 MB.
System memory in use after: 207.2 MB.

Unloading 99 unused Assets to reduce memory usage. Loaded Objects now: 2411.
Total: 2.670912 ms (FindLiveObjects: 0.198382 ms CreateObjectMapping: 0.073276 ms MarkObjects: 2.329374 ms  DeleteObjects: 0.068717 ms)

========================================================================
Received Prepare
Refreshing native plugins compatible for Editor in 0.84 ms, found 1 plugins.
Preloading 0 native plugins for Editor in 0.00 ms.
Unloading 3 Unused Serialized files (Serialized files now loaded: 0)
System memory in use before: 169.9 MB.
System memory in use after: 170.0 MB.

Unloading 2 unused Assets to reduce memory usage. Loaded Objects now: 2411.
Total: 2.656477 ms (FindLiveObjects: 0.216252 ms CreateObjectMapping: 0.057474 ms MarkObjects: 2.361640 ms  DeleteObjects: 0.019657 ms)

========================================================================
Received Prepare
Registering precompiled user dll's ...
Registered in 0.000630 seconds.
Begin MonoManager ReloadAssembly
Native extension for WindowsStandalone target not found
Native extension for OSXStandalone target not found
Refreshing native plugins compatible for Editor in 0.53 ms, found 1 plugins.
Preloading 0 native plugins for Editor in 0.00 ms.
Invoked RoslynAnalysisRunner static constructor.
RoslynAnalysisRunner will not be running.
RoslynAnalysisRunner has terminated.
Mono: successfully reloaded assembly
- Completed reload, in  2.055 seconds
Platform modules already initialized, skipping
Refreshing native plugins compatible for Editor in 0.42 ms, found 1 plugins.
Preloading 0 native plugins for Editor in 0.00 ms.
Unloading 1877 Unused Serialized files (Serialized files now loaded: 0)
System memory in use before: 207.6 MB.
System memory in use after: 207.6 MB.

Unloading 99 unused Assets to reduce memory usage. Loaded Objects now: 2413.
Total: 2.556680 ms (FindLiveObjects: 0.305303 ms CreateObjectMapping: 0.100525 ms MarkObjects: 2.081776 ms  DeleteObjects: 0.067635 ms)

========================================================================
Received Prepare
Refreshing native plugins compatible for Editor in 0.78 ms, found 1 plugins.
Preloading 0 native plugins for Editor in 0.00 ms.
Unloading 3 Unused Serialized files (Serialized files now loaded: 0)
System memory in use before: 170.2 MB.
System memory in use after: 170.3 MB.

Unloading 2 unused Assets to reduce memory usage. Loaded Objects now: 2413.
Total: 3.010607 ms (FindLiveObjects: 0.230837 ms CreateObjectMapping: 0.075010 ms MarkObjects: 2.684846 ms  DeleteObjects: 0.018530 ms)

========================================================================
Received Prepare
Refreshing native plugins compatible for Editor in 0.81 ms, found 1 plugins.
Preloading 0 native plugins for Editor in 0.00 ms.
Unloading 3 Unused Serialized files (Serialized files now loaded: 0)
System memory in use before: 170.3 MB.
System memory in use after: 170.4 MB.

Unloading 2 unused Assets to reduce memory usage. Loaded Objects now: 2413.
Total: 3.164958 ms (FindLiveObjects: 0.351736 ms CreateObjectMapping: 0.145335 ms MarkObjects: 2.628541 ms  DeleteObjects: 0.020618 ms)

AssetImportWorkerClient::OnTransportError - code=2 error=End of file
